<?xml version="1.0" encoding="UTF-8"?>
<!-- Generated by org.testng.reporters.JUnitXMLReporter -->
<testsuite ignored="0" hostname="vmgdigitals-MacBook-Pro.local" failures="0" tests="7" name="Test" time="65.417" errors="0" timestamp="15 Nov 2021 02:49:33 GMT">
  <testcase classname="com.crm.qa.testcases.SignUpTest" name="signUpWithoutUserName" time="4.512"/>
  <testcase classname="com.crm.qa.testcases.SignUpTest" name="signUpwithnewCreds" time="3.056"/>
  <testcase classname="com.crm.qa.testcases.QaLoginTest" name="loginTest" time="5.372"/>
  <testcase classname="com.crm.qa.testcases.QaLoginTest" name="loginTestWithWrongpassword" time="2.539"/>
  <testcase classname="com.crm.qa.testcases.ArticleTest" name="createNewArticle" time="5.47"/>
  <testcase classname="com.crm.qa.testcases.ArticleTest" name="editArticle" time="6.837"/>
  <testcase classname="com.crm.qa.testcases.ArticleTest" name="likeArticle" time="3.343"/>
</testsuite> <!-- Test -->
